06:58:16 PM:DEBUG[conexion.py:25] Conexion Exitosa: <connection object at 0x00000268F94F1690; dsn: 'user=postgres password=xxx dbname=test_bd host=127.0.0.1 port=5432', closed: 0>
06:58:16 PM:DEBUG[conexion.py:38] Se abrio correctamente el cursor: <cursor object at 0x00000268FB7897E0; closed: 0>
06:58:17 PM:DEBUG[persona_dao.py:80] 
            Id Persona: 1,
            Nombre: Juan Jose,
            Apellido: Pena,
            Email: jjpena@mail.com
        
06:58:17 PM:DEBUG[persona_dao.py:80] 
            Id Persona: 2,
            Nombre: Marcos,
            Apellido: Canto,
            Email: mcanto@mail.com
        
06:58:17 PM:DEBUG[persona_dao.py:80] 
            Id Persona: 4,
            Nombre: Homero,
            Apellido: Ramos,
            Email: homeror@mail.com
        
07:00:11 PM:DEBUG[conexion.py:25] Conexion Exitosa: <connection object at 0x0000024A53141690; dsn: 'user=postgres password=xxx dbname=test_bd host=127.0.0.1 port=5432', closed: 0>
07:00:11 PM:DEBUG[conexion.py:38] Se abrio correctamente el cursor: <cursor object at 0x0000024A553957E0; closed: 0>
07:00:11 PM:DEBUG[persona_dao.py:40] Persona Insertada: 
            Id Persona: None,
            Nombre: Omero,
            Apellido: Ramos,
            Email: omeror@gmail.com
        
07:00:11 PM:DEBUG[persona_dao.py:75] Personas Insertadas: 1
07:00:31 PM:DEBUG[conexion.py:25] Conexion Exitosa: <connection object at 0x00000165BEF21690; dsn: 'user=postgres password=xxx dbname=test_bd host=127.0.0.1 port=5432', closed: 0>
07:00:31 PM:DEBUG[conexion.py:38] Se abrio correctamente el cursor: <cursor object at 0x00000165C11857E0; closed: 0>
07:00:31 PM:DEBUG[persona_dao.py:40] Persona Insertada: 
            Id Persona: None,
            Nombre: Omero,
            Apellido: Ramos,
            Email: omeror@gmail.com
        
07:00:31 PM:DEBUG[persona_dao.py:75] Personas Insertadas: 1
07:05:18 PM:DEBUG[conexion.py:25] Conexion Exitosa: <connection object at 0x000001D9345B1690; dsn: 'user=postgres password=xxx dbname=test_bd host=127.0.0.1 port=5432', closed: 0>
07:05:18 PM:DEBUG[conexion.py:38] Se abrio correctamente el cursor: <cursor object at 0x000001D9368557E0; closed: 0>
07:05:18 PM:DEBUG[persona_dao.py:58] Los objetos eliminados  son: 
            Id Persona: 6,
            Nombre: None,
            Apellido: None,
            Email: None
        
07:05:18 PM:DEBUG[persona_dao.py:65] Personas eliminadas: 1
07:08:18 PM:DEBUG[conexion.py:25] Conexion Exitosa: <connection object at 0x0000022C83E11690; dsn: 'user=postgres password=xxx dbname=test_bd host=127.0.0.1 port=5432', closed: 0>
07:08:18 PM:DEBUG[conexion.py:38] Se abrio correctamente el cursor: <cursor object at 0x0000022C85C857E0; closed: 0>
07:08:18 PM:DEBUG[persona_dao.py:49] Persona actualizada:
            Id Persona: 4,
            Nombre: Juan José,
            Apellido: Pena,
            Email: jjpena@mail.com
        
07:08:18 PM:DEBUG[persona_dao.py:70] Personas actualizadas: 1
